<?xml version="1.0" encoding="UTF-8"?>
<!-- Generated by org.testng.reporters.JUnitXMLReporter -->
<testsuite hostname="LAPTOP-5I3A2SA0" ignored="0" name="ChromeTest" tests="2" failures="0" timestamp="2021-02-19T12:12:37 IST" time="59.335" errors="0">
  <testcase name="AddtoCart" time="17.31" classname="com.pratian.SauceDemo.Automation.Tests.TestAddCartitem"/>
  <testcase name="AddtoCart" time="33.449" classname="com.pratian.SauceDemo.Automation.Tests.TestAddCartitem"/>
</testsuite> <!-- ChromeTest -->
