<?xml version="1.0" encoding="UTF-8"?>
<testng-results skipped="0" failed="0" ignored="0" total="2" passed="2">
  <reporter-output>
  </reporter-output>
  <suite name="Suite" duration-ms="92930" started-at="2021-02-19T12:11:36 IST" finished-at="2021-02-19T12:13:09 IST">
    <groups>
    </groups>
    <test name="ChromeTest" duration-ms="59335" started-at="2021-02-19T12:11:36 IST" finished-at="2021-02-19T12:12:35 IST">
      <class name="com.pratian.SauceDemo.Automation.Tests.TestAddCartitem">
        <test-method status="PASS" signature="sigin()[pri:0, instance:com.pratian.SauceDemo.Automation.Tests.TestAddCartitem@e320068]" name="sigin" is-config="true" duration-ms="1" started-at="2021-02-19T12:11:36 IST" finished-at="2021-02-19T12:11:36 IST">
          <reporter-output>
          </reporter-output>
        </test-method> <!-- sigin -->
        <test-method status="PASS" signature="setup(java.lang.String)[pri:0, instance:com.pratian.SauceDemo.Automation.Tests.TestAddCartitem@e320068]" name="setup" is-config="true" duration-ms="13753" started-at="2021-02-19T12:11:36 IST" finished-at="2021-02-19T12:11:49 IST">
          <params>
            <param index="0">
              <value>
                <![CDATA[Chrome]]>
              </value>
            </param>
          </params>
          <reporter-output>
          </reporter-output>
        </test-method> <!-- setup -->
        <test-method status="PASS" signature="AddtoCart(java.lang.String, java.lang.String)[pri:0, instance:com.pratian.SauceDemo.Automation.Tests.TestAddCartitem@e320068]" name="AddtoCart" duration-ms="33449" started-at="2021-02-19T12:11:49 IST" data-provider="signIn" finished-at="2021-02-19T12:12:23 IST">
          <params>
            <param index="0">
              <value>
                <![CDATA[standard_user]]>
              </value>
            </param>
            <param index="1">
              <value>
                <![CDATA[secret_sauce]]>
              </value>
            </param>
          </params>
          <reporter-output>
          </reporter-output>
        </test-method> <!-- AddtoCart -->
        <test-method status="PASS" signature="tearDown()[pri:0, instance:com.pratian.SauceDemo.Automation.Tests.TestAddCartitem@e320068]" name="tearDown" is-config="true" duration-ms="12098" started-at="2021-02-19T12:12:23 IST" finished-at="2021-02-19T12:12:35 IST">
          <reporter-output>
          </reporter-output>
        </test-method> <!-- tearDown -->
      </class> <!-- com.pratian.SauceDemo.Automation.Tests.TestAddCartitem -->
    </test> <!-- ChromeTest -->
    <test name="FirefoxTest" duration-ms="92930" started-at="2021-02-19T12:11:36 IST" finished-at="2021-02-19T12:13:09 IST">
      <class name="com.pratian.SauceDemo.Automation.Tests.TestAddCartitem">
        <test-method status="PASS" signature="Setup()[pri:0, instance:com.pratian.SauceDemo.Automation.Tests.TestAddCartitem@4d50efb8]" name="Setup" is-config="true" duration-ms="112" started-at="2021-02-19T12:11:36 IST" finished-at="2021-02-19T12:11:36 IST">
          <reporter-output>
          </reporter-output>
        </test-method> <!-- Setup -->
        <test-method status="PASS" signature="sigin()[pri:0, instance:com.pratian.SauceDemo.Automation.Tests.TestAddCartitem@4d50efb8]" name="sigin" is-config="true" duration-ms="0" started-at="2021-02-19T12:11:36 IST" finished-at="2021-02-19T12:11:36 IST">
          <reporter-output>
          </reporter-output>
        </test-method> <!-- sigin -->
        <test-method status="PASS" signature="setup(java.lang.String)[pri:0, instance:com.pratian.SauceDemo.Automation.Tests.TestAddCartitem@4d50efb8]" name="setup" is-config="true" duration-ms="23513" started-at="2021-02-19T12:11:36 IST" finished-at="2021-02-19T12:11:59 IST">
          <params>
            <param index="0">
              <value>
                <![CDATA[firefox]]>
              </value>
            </param>
          </params>
          <reporter-output>
          </reporter-output>
        </test-method> <!-- setup -->
        <test-method status="PASS" signature="AddtoCart(java.lang.String, java.lang.String)[pri:0, instance:com.pratian.SauceDemo.Automation.Tests.TestAddCartitem@4d50efb8]" name="AddtoCart" duration-ms="17310" started-at="2021-02-19T12:11:59 IST" data-provider="signIn" finished-at="2021-02-19T12:12:17 IST">
          <params>
            <param index="0">
              <value>
                <![CDATA[standard_user]]>
              </value>
            </param>
            <param index="1">
              <value>
                <![CDATA[secret_sauce]]>
              </value>
            </param>
          </params>
          <reporter-output>
          </reporter-output>
        </test-method> <!-- AddtoCart -->
        <test-method status="PASS" signature="tearDown()[pri:0, instance:com.pratian.SauceDemo.Automation.Tests.TestAddCartitem@4d50efb8]" name="tearDown" is-config="true" duration-ms="52087" started-at="2021-02-19T12:12:17 IST" finished-at="2021-02-19T12:13:09 IST">
          <reporter-output>
          </reporter-output>
        </test-method> <!-- tearDown -->
        <test-method status="PASS" signature="extentFlush()[pri:0, instance:com.pratian.SauceDemo.Automation.Tests.TestAddCartitem@4d50efb8]" name="extentFlush" is-config="true" duration-ms="11245" started-at="2021-02-19T12:13:09 IST" finished-at="2021-02-19T12:13:21 IST">
          <reporter-output>
          </reporter-output>
        </test-method> <!-- extentFlush -->
      </class> <!-- com.pratian.SauceDemo.Automation.Tests.TestAddCartitem -->
    </test> <!-- FirefoxTest -->
  </suite> <!-- Suite -->
</testng-results>
